<?xml version="1.0" encoding="UTF-8"?>
<testsuite name="example.CalculatorTest" tests="4" skipped="0" failures="0" errors="0" timestamp="2024-08-28T09:21:34" hostname="WJS-01" time="0.028">
  <properties/>
  <testcase name="testAdd()" classname="example.CalculatorTest" time="0.02"/>
  <testcase name="testSubtract()" classname="example.CalculatorTest" time="0.002"/>
  <testcase name="testDivide()" classname="example.CalculatorTest" time="0.001"/>
  <testcase name="testMultiply()" classname="example.CalculatorTest" time="0.001"/>
  <system-out><![CDATA[]]></system-out>
  <system-err><![CDATA[]]></system-err>
</testsuite>
